<?xml version="1.0" encoding="UTF-8"?>
<!-- Generated by org.testng.reporters.JUnitReportReporter -->
<testsuite hostname="DESKTOP-4VBBEJ4" failures="0" tests="1" name="org.login.Employee" time="5.455" errors="0" timestamp="17 May 2023 04:53:39 GMT" skipped="0">
  <testcase classname="org.login.Employee" name="tc0" time="5.455"/>
</testsuite> <!-- org.login.Employee -->
