<?xml version="1.0" encoding="UTF-8"?>
<!-- Generated by org.testng.reporters.JUnitReportReporter -->
<testsuite hostname="DESKTOP-4VBBEJ4" failures="0" tests="1" name="org.login.Employee" time="6.709" errors="0" timestamp="17 May 2023 05:01:04 GMT" skipped="0">
  <testcase classname="org.login.Employee" name="tc0" time="6.709"/>
</testsuite> <!-- org.login.Employee -->
